{"timestamp_utc": "2026-03-21T09:36:14.783960+00:00", "action": "portfolio_update", "actor_member_id": 1, "actor_role": "Student", "endpoint": "/portfolio/1", "method": "PUT", "table": "Member", "target_id": 1, "outcome": "success", "details": "Updated fields: Bio = %s, ContactNumber = %s, Department = %s"}
{"timestamp_utc": "2026-03-21T09:36:14.832443+00:00", "action": "portfolio_update", "actor_member_id": 1, "actor_role": "Student", "endpoint": "/portfolio/2", "method": "PUT", "table": "Member", "target_id": 2, "outcome": "denied", "details": "User attempted to update another member profile"}
{"timestamp_utc": "2026-03-21T09:36:26.422937+00:00", "action": "portfolio_update", "actor_member_id": 1, "actor_role": "Student", "endpoint": "/portfolio/2", "method": "PUT", "table": "Member", "target_id": 2, "outcome": "denied", "details": "User attempted to update another member profile"}
{"timestamp_utc": "2026-03-21T09:36:39.626448+00:00", "action": "portfolio_update", "actor_member_id": 1, "actor_role": "Student", "endpoint": "/portfolio/2", "method": "PUT", "table": "Member", "target_id": 2, "outcome": "denied", "details": "User attempted to update another member profile"}
{"timestamp_utc": "2026-03-21T09:39:15.758920+00:00", "action": "admin_access_attempt", "actor_member_id": 3, "actor_role": "Faculty", "endpoint": "/admin/audit-log", "method": "GET", "table": "N/A", "target_id": null, "outcome": "denied", "details": "Non-admin attempted admin-only endpoint"}
{"timestamp_utc": "2026-03-21T16:25:11.189675+00:00", "action": "public_signup", "actor_member_id": null, "actor_role": "Public", "endpoint": "/signup", "method": "POST", "table": "Member,AuthCredential", "target_id": 21, "outcome": "success", "details": "Public signup created Student account"}
{"timestamp_utc": "2026-03-21T16:37:26.716684+00:00", "action": "public_signup", "actor_member_id": null, "actor_role": "Public", "endpoint": "/signup", "method": "POST", "table": "Member,AuthCredential", "target_id": 22, "outcome": "success", "details": "Public signup created Student account"}
{"timestamp_utc": "2026-03-21T16:37:26.973131+00:00", "action": "admin_access_attempt", "actor_member_id": 1, "actor_role": "Student", "endpoint": "/admin/members", "method": "GET", "table": "N/A", "target_id": null, "outcome": "denied", "details": "Non-admin attempted admin-only endpoint"}
{"timestamp_utc": "2026-03-21T18:42:16.152191+00:00", "action": "follow_delete", "actor_member_id": 1, "actor_role": "Student", "endpoint": "/members/2/follow", "method": "DELETE", "table": "Follow", "target_id": 1, "outcome": "success", "details": "Member 1 unfollowed member 2"}
{"timestamp_utc": "2026-03-21T18:42:25.114871+00:00", "action": "follow_create", "actor_member_id": 1, "actor_role": "Student", "endpoint": "/members/2/follow", "method": "POST", "table": "Follow", "target_id": 21, "outcome": "success", "details": "Member 1 followed member 2"}
{"timestamp_utc": "2026-03-21T18:53:46.776054+00:00", "action": "portfolio_update", "actor_member_id": 1, "actor_role": "Student", "endpoint": "/portfolio/1", "method": "PUT", "table": "Member", "target_id": 1, "outcome": "success", "details": "Updated fields: Bio = %s, ContactNumber = %s, Department = %s, Age = %s"}
{"timestamp_utc": "2026-03-21T18:57:49.836409+00:00", "action": "follow_create", "actor_member_id": 1, "actor_role": "Student", "endpoint": "/members/17/follow", "method": "POST", "table": "Follow", "target_id": 31, "outcome": "success", "details": "Member 1 followed member 17"}
{"timestamp_utc": "2026-03-21T18:57:57.666097+00:00", "action": "follow_delete", "actor_member_id": 1, "actor_role": "Student", "endpoint": "/members/17/follow", "method": "DELETE", "table": "Follow", "target_id": 31, "outcome": "success", "details": "Member 1 unfollowed member 17"}
{"timestamp_utc": "2026-03-21T18:59:12.563287+00:00", "action": "follow_delete", "actor_member_id": 1, "actor_role": "Student", "endpoint": "/members/2/follow", "method": "DELETE", "table": "Follow", "target_id": 1, "outcome": "success", "details": "Member 1 unfollowed member 2"}
{"timestamp_utc": "2026-03-21T18:59:12.664494+00:00", "action": "follow_create", "actor_member_id": 1, "actor_role": "Student", "endpoint": "/members/2/follow", "method": "POST", "table": "Follow", "target_id": 32, "outcome": "success", "details": "Member 1 followed member 2"}
{"timestamp_utc": "2026-03-21T18:59:33.648950+00:00", "action": "follow_delete", "actor_member_id": 1, "actor_role": "Student", "endpoint": "/members/3/follow", "method": "DELETE", "table": "Follow", "target_id": 2, "outcome": "success", "details": "Member 1 unfollowed member 3"}
{"timestamp_utc": "2026-03-21T18:59:34.875169+00:00", "action": "follow_create", "actor_member_id": 1, "actor_role": "Student", "endpoint": "/members/3/follow", "method": "POST", "table": "Follow", "target_id": 33, "outcome": "success", "details": "Member 1 followed member 3"}
{"timestamp_utc": "2026-03-21T19:06:38.512337+00:00", "action": "post_like", "actor_member_id": 1, "actor_role": "Student", "endpoint": "/posts/20/like/toggle", "method": "POST", "table": "Like,Post", "target_id": 20, "outcome": "success", "details": "Member 1 liked post 20"}
{"timestamp_utc": "2026-03-21T19:06:38.624615+00:00", "action": "post_unlike", "actor_member_id": 1, "actor_role": "Student", "endpoint": "/posts/20/like/toggle", "method": "POST", "table": "Like,Post", "target_id": 20, "outcome": "success", "details": "Member 1 unliked post 20"}
{"timestamp_utc": "2026-03-21T19:07:12.390961+00:00", "action": "post_like", "actor_member_id": 1, "actor_role": "Student", "endpoint": "/posts/20/like/toggle", "method": "POST", "table": "Like,Post", "target_id": 20, "outcome": "success", "details": "Member 1 liked post 20"}
{"timestamp_utc": "2026-03-21T19:07:13.272471+00:00", "action": "post_unlike", "actor_member_id": 1, "actor_role": "Student", "endpoint": "/posts/20/like/toggle", "method": "POST", "table": "Like,Post", "target_id": 20, "outcome": "success", "details": "Member 1 unliked post 20"}
{"timestamp_utc": "2026-03-21T19:07:15.058333+00:00", "action": "post_like", "actor_member_id": 1, "actor_role": "Student", "endpoint": "/posts/20/like/toggle", "method": "POST", "table": "Like,Post", "target_id": 20, "outcome": "success", "details": "Member 1 liked post 20"}
{"timestamp_utc": "2026-03-21T19:07:15.826026+00:00", "action": "post_unlike", "actor_member_id": 1, "actor_role": "Student", "endpoint": "/posts/20/like/toggle", "method": "POST", "table": "Like,Post", "target_id": 20, "outcome": "success", "details": "Member 1 unliked post 20"}
{"timestamp_utc": "2026-03-21T19:07:17.124050+00:00", "action": "post_like", "actor_member_id": 1, "actor_role": "Student", "endpoint": "/posts/19/like/toggle", "method": "POST", "table": "Like,Post", "target_id": 19, "outcome": "success", "details": "Member 1 liked post 19"}
{"timestamp_utc": "2026-03-21T19:07:17.739401+00:00", "action": "post_unlike", "actor_member_id": 1, "actor_role": "Student", "endpoint": "/posts/19/like/toggle", "method": "POST", "table": "Like,Post", "target_id": 19, "outcome": "success", "details": "Member 1 unliked post 19"}
{"timestamp_utc": "2026-03-21T19:07:21.838570+00:00", "action": "post_like", "actor_member_id": 1, "actor_role": "Student", "endpoint": "/posts/13/like/toggle", "method": "POST", "table": "Like,Post", "target_id": 13, "outcome": "success", "details": "Member 1 liked post 13"}
{"timestamp_utc": "2026-03-21T19:07:22.857623+00:00", "action": "post_unlike", "actor_member_id": 1, "actor_role": "Student", "endpoint": "/posts/13/like/toggle", "method": "POST", "table": "Like,Post", "target_id": 13, "outcome": "success", "details": "Member 1 unliked post 13"}
{"timestamp_utc": "2026-03-21T19:10:38.084988+00:00", "action": "post_like", "actor_member_id": 1, "actor_role": "Student", "endpoint": "/posts/20/like/toggle", "method": "POST", "table": "Like,Post", "target_id": 20, "outcome": "success", "details": "Member 1 liked post 20"}
{"timestamp_utc": "2026-03-21T19:10:38.179313+00:00", "action": "post_unlike", "actor_member_id": 1, "actor_role": "Student", "endpoint": "/posts/20/like/toggle", "method": "POST", "table": "Like,Post", "target_id": 20, "outcome": "success", "details": "Member 1 unliked post 20"}
{"timestamp_utc": "2026-03-21T19:12:33.420554+00:00", "action": "post_like", "actor_member_id": 1, "actor_role": "Student", "endpoint": "/posts/20/like/toggle", "method": "POST", "table": "Like,Post", "target_id": 20, "outcome": "success", "details": "Member 1 liked post 20"}
{"timestamp_utc": "2026-03-21T19:12:33.664661+00:00", "action": "post_unlike", "actor_member_id": 1, "actor_role": "Student", "endpoint": "/posts/20/like/toggle", "method": "POST", "table": "Like,Post", "target_id": 20, "outcome": "success", "details": "Member 1 unliked post 20"}
{"timestamp_utc": "2026-03-21T19:12:33.910658+00:00", "action": "post_like", "actor_member_id": 1, "actor_role": "Student", "endpoint": "/posts/20/like/toggle", "method": "POST", "table": "Like,Post", "target_id": 20, "outcome": "success", "details": "Member 1 liked post 20"}
{"timestamp_utc": "2026-03-21T19:12:34.990941+00:00", "action": "post_unlike", "actor_member_id": 1, "actor_role": "Student", "endpoint": "/posts/20/like/toggle", "method": "POST", "table": "Like,Post", "target_id": 20, "outcome": "success", "details": "Member 1 unliked post 20"}
{"timestamp_utc": "2026-03-21T19:12:38.217868+00:00", "action": "post_like", "actor_member_id": 1, "actor_role": "Student", "endpoint": "/posts/19/like/toggle", "method": "POST", "table": "Like,Post", "target_id": 19, "outcome": "success", "details": "Member 1 liked post 19"}
{"timestamp_utc": "2026-03-21T19:14:24.442787+00:00", "action": "post_like", "actor_member_id": 1, "actor_role": "Student", "endpoint": "/posts/20/like/toggle", "method": "POST", "table": "Like,Post", "target_id": 20, "outcome": "success", "details": "Member 1 liked post 20"}
{"timestamp_utc": "2026-03-21T19:14:24.525862+00:00", "action": "post_unlike", "actor_member_id": 1, "actor_role": "Student", "endpoint": "/posts/20/like/toggle", "method": "POST", "table": "Like,Post", "target_id": 20, "outcome": "success", "details": "Member 1 unliked post 20"}
{"timestamp_utc": "2026-03-21T19:14:38.630747+00:00", "action": "post_like", "actor_member_id": 1, "actor_role": "Student", "endpoint": "/posts/20/like/toggle", "method": "POST", "table": "Like,Post", "target_id": 20, "outcome": "success", "details": "Member 1 liked post 20"}
{"timestamp_utc": "2026-03-21T19:14:40.264830+00:00", "action": "post_unlike", "actor_member_id": 1, "actor_role": "Student", "endpoint": "/posts/20/like/toggle", "method": "POST", "table": "Like,Post", "target_id": 20, "outcome": "success", "details": "Member 1 unliked post 20"}
{"timestamp_utc": "2026-03-21T19:14:42.438380+00:00", "action": "post_like", "actor_member_id": 1, "actor_role": "Student", "endpoint": "/posts/20/like/toggle", "method": "POST", "table": "Like,Post", "target_id": 20, "outcome": "success", "details": "Member 1 liked post 20"}
{"timestamp_utc": "2026-03-21T19:14:44.503817+00:00", "action": "post_unlike", "actor_member_id": 1, "actor_role": "Student", "endpoint": "/posts/19/like/toggle", "method": "POST", "table": "Like,Post", "target_id": 19, "outcome": "success", "details": "Member 1 unliked post 19"}
{"timestamp_utc": "2026-03-21T19:14:45.324683+00:00", "action": "post_like", "actor_member_id": 1, "actor_role": "Student", "endpoint": "/posts/19/like/toggle", "method": "POST", "table": "Like,Post", "target_id": 19, "outcome": "success", "details": "Member 1 liked post 19"}
{"timestamp_utc": "2026-03-21T19:16:29.411575+00:00", "action": "post_unlike", "actor_member_id": 1, "actor_role": "Student", "endpoint": "/posts/20/like/toggle", "method": "POST", "table": "Like,Post", "target_id": 20, "outcome": "success", "details": "Member 1 unliked post 20"}
{"timestamp_utc": "2026-03-21T19:16:30.035869+00:00", "action": "post_like", "actor_member_id": 1, "actor_role": "Student", "endpoint": "/posts/20/like/toggle", "method": "POST", "table": "Like,Post", "target_id": 20, "outcome": "success", "details": "Member 1 liked post 20"}
{"timestamp_utc": "2026-03-21T19:16:50.419228+00:00", "action": "post_unlike", "actor_member_id": 1, "actor_role": "Student", "endpoint": "/posts/20/like/toggle", "method": "POST", "table": "Like,Post", "target_id": 20, "outcome": "success", "details": "Member 1 unliked post 20"}
{"timestamp_utc": "2026-03-21T19:16:50.616939+00:00", "action": "post_like", "actor_member_id": 1, "actor_role": "Student", "endpoint": "/posts/20/like/toggle", "method": "POST", "table": "Like,Post", "target_id": 20, "outcome": "success", "details": "Member 1 liked post 20"}
{"timestamp_utc": "2026-03-21T19:16:55.606712+00:00", "action": "post_unlike", "actor_member_id": 1, "actor_role": "Student", "endpoint": "/posts/19/like/toggle", "method": "POST", "table": "Like,Post", "target_id": 19, "outcome": "success", "details": "Member 1 unliked post 19"}
{"timestamp_utc": "2026-03-21T19:16:55.804237+00:00", "action": "post_like", "actor_member_id": 1, "actor_role": "Student", "endpoint": "/posts/19/like/toggle", "method": "POST", "table": "Like,Post", "target_id": 19, "outcome": "success", "details": "Member 1 liked post 19"}
{"timestamp_utc": "2026-03-21T19:16:59.142796+00:00", "action": "post_unlike", "actor_member_id": 1, "actor_role": "Student", "endpoint": "/posts/19/like/toggle", "method": "POST", "table": "Like,Post", "target_id": 19, "outcome": "success", "details": "Member 1 unliked post 19"}
{"timestamp_utc": "2026-03-21T19:17:00.452187+00:00", "action": "post_like", "actor_member_id": 1, "actor_role": "Student", "endpoint": "/posts/19/like/toggle", "method": "POST", "table": "Like,Post", "target_id": 19, "outcome": "success", "details": "Member 1 liked post 19"}
{"timestamp_utc": "2026-03-21T19:17:02.008178+00:00", "action": "post_unlike", "actor_member_id": 1, "actor_role": "Student", "endpoint": "/posts/19/like/toggle", "method": "POST", "table": "Like,Post", "target_id": 19, "outcome": "success", "details": "Member 1 unliked post 19"}
{"timestamp_utc": "2026-03-21T19:17:06.360104+00:00", "action": "post_unlike", "actor_member_id": 1, "actor_role": "Student", "endpoint": "/posts/20/like/toggle", "method": "POST", "table": "Like,Post", "target_id": 20, "outcome": "success", "details": "Member 1 unliked post 20"}
{"timestamp_utc": "2026-03-21T19:17:11.277023+00:00", "action": "post_like", "actor_member_id": 1, "actor_role": "Student", "endpoint": "/posts/20/like/toggle", "method": "POST", "table": "Like,Post", "target_id": 20, "outcome": "success", "details": "Member 1 liked post 20"}
{"timestamp_utc": "2026-03-21T19:17:16.425156+00:00", "action": "post_like", "actor_member_id": 1, "actor_role": "Student", "endpoint": "/posts/16/like/toggle", "method": "POST", "table": "Like,Post", "target_id": 16, "outcome": "success", "details": "Member 1 liked post 16"}
{"timestamp_utc": "2026-03-21T19:17:26.662227+00:00", "action": "post_unlike", "actor_member_id": 1, "actor_role": "Student", "endpoint": "/posts/16/like/toggle", "method": "POST", "table": "Like,Post", "target_id": 16, "outcome": "success", "details": "Member 1 unliked post 16"}
{"timestamp_utc": "2026-03-21T19:17:33.681081+00:00", "action": "post_unlike", "actor_member_id": 1, "actor_role": "Student", "endpoint": "/posts/20/like/toggle", "method": "POST", "table": "Like,Post", "target_id": 20, "outcome": "success", "details": "Member 1 unliked post 20"}
{"timestamp_utc": "2026-03-21T19:18:50.976202+00:00", "action": "post_like", "actor_member_id": 1, "actor_role": "Student", "endpoint": "/posts/20/like/toggle", "method": "POST", "table": "Like,Post", "target_id": 20, "outcome": "success", "details": "Member 1 liked post 20"}
{"timestamp_utc": "2026-03-21T19:18:51.060121+00:00", "action": "post_unlike", "actor_member_id": 1, "actor_role": "Student", "endpoint": "/posts/20/like/toggle", "method": "POST", "table": "Like,Post", "target_id": 20, "outcome": "success", "details": "Member 1 unliked post 20"}
{"timestamp_utc": "2026-03-21T19:19:02.043328+00:00", "action": "post_like", "actor_member_id": 1, "actor_role": "Student", "endpoint": "/posts/20/like/toggle", "method": "POST", "table": "Like,Post", "target_id": 20, "outcome": "success", "details": "Member 1 liked post 20"}
{"timestamp_utc": "2026-03-21T19:19:02.909854+00:00", "action": "post_unlike", "actor_member_id": 1, "actor_role": "Student", "endpoint": "/posts/20/like/toggle", "method": "POST", "table": "Like,Post", "target_id": 20, "outcome": "success", "details": "Member 1 unliked post 20"}
{"timestamp_utc": "2026-03-21T19:19:03.941870+00:00", "action": "post_like", "actor_member_id": 1, "actor_role": "Student", "endpoint": "/posts/20/like/toggle", "method": "POST", "table": "Like,Post", "target_id": 20, "outcome": "success", "details": "Member 1 liked post 20"}
{"timestamp_utc": "2026-03-21T19:19:04.498486+00:00", "action": "post_unlike", "actor_member_id": 1, "actor_role": "Student", "endpoint": "/posts/20/like/toggle", "method": "POST", "table": "Like,Post", "target_id": 20, "outcome": "success", "details": "Member 1 unliked post 20"}
{"timestamp_utc": "2026-03-21T19:19:05.608449+00:00", "action": "post_like", "actor_member_id": 1, "actor_role": "Student", "endpoint": "/posts/19/like/toggle", "method": "POST", "table": "Like,Post", "target_id": 19, "outcome": "success", "details": "Member 1 liked post 19"}
{"timestamp_utc": "2026-03-21T19:19:08.285548+00:00", "action": "post_like", "actor_member_id": 1, "actor_role": "Student", "endpoint": "/posts/17/like/toggle", "method": "POST", "table": "Like,Post", "target_id": 17, "outcome": "success", "details": "Member 1 liked post 17"}
{"timestamp_utc": "2026-03-21T19:19:09.377273+00:00", "action": "post_like", "actor_member_id": 1, "actor_role": "Student", "endpoint": "/posts/16/like/toggle", "method": "POST", "table": "Like,Post", "target_id": 16, "outcome": "success", "details": "Member 1 liked post 16"}
{"timestamp_utc": "2026-03-21T19:19:11.339010+00:00", "action": "post_like", "actor_member_id": 1, "actor_role": "Student", "endpoint": "/posts/14/like/toggle", "method": "POST", "table": "Like,Post", "target_id": 14, "outcome": "success", "details": "Member 1 liked post 14"}
{"timestamp_utc": "2026-03-21T19:20:38.026481+00:00", "action": "post_like", "actor_member_id": 1, "actor_role": "Student", "endpoint": "/posts/12/like/toggle", "method": "POST", "table": "Like,Post", "target_id": 12, "outcome": "success", "details": "Member 1 liked post 12"}
{"timestamp_utc": "2026-03-21T19:20:54.019156+00:00", "action": "post_like", "actor_member_id": 2, "actor_role": "Student", "endpoint": "/posts/20/like/toggle", "method": "POST", "table": "Like,Post", "target_id": 20, "outcome": "success", "details": "Member 2 liked post 20"}
{"timestamp_utc": "2026-03-21T19:25:43.849530+00:00", "action": "post_create", "actor_member_id": 1, "actor_role": "Student", "endpoint": "/posts", "method": "POST", "table": "Post", "target_id": 21, "outcome": "success", "details": "Post created"}
{"timestamp_utc": "2026-03-21T19:28:15.635451+00:00", "action": "post_create", "actor_member_id": 1, "actor_role": "Student", "endpoint": "/posts", "method": "POST", "table": "Post", "target_id": 21, "outcome": "success", "details": "Post created"}
{"timestamp_utc": "2026-03-21T19:34:35.070421+00:00", "action": "post_create", "actor_member_id": 1, "actor_role": "Student", "endpoint": "/posts", "method": "POST", "table": "Post", "target_id": 21, "outcome": "success", "details": "Post created"}
{"timestamp_utc": "2026-03-21T19:34:35.694980+00:00", "action": "post_update", "actor_member_id": 17, "actor_role": "Student", "endpoint": "/posts/21", "method": "PUT", "table": "Post", "target_id": 21, "outcome": "denied", "details": "User attempted to update post they do not own"}
{"timestamp_utc": "2026-03-21T19:34:35.746609+00:00", "action": "post_delete", "actor_member_id": 17, "actor_role": "Student", "endpoint": "/posts/21", "method": "DELETE", "table": "Post", "target_id": 21, "outcome": "denied", "details": "User attempted to delete post they do not own"}
{"timestamp_utc": "2026-03-21T19:34:35.888328+00:00", "action": "portfolio_update", "actor_member_id": 17, "actor_role": "Student", "endpoint": "/portfolio/1", "method": "PUT", "table": "Member", "target_id": 1, "outcome": "denied", "details": "User attempted to update another member profile"}
{"timestamp_utc": "2026-03-21T19:34:35.946615+00:00", "action": "admin_access_attempt", "actor_member_id": 17, "actor_role": "Student", "endpoint": "/admin/members", "method": "GET", "table": "N/A", "target_id": null, "outcome": "denied", "details": "Non-admin attempted admin-only endpoint"}
{"timestamp_utc": "2026-03-21T19:35:07.981085+00:00", "action": "post_create", "actor_member_id": 1, "actor_role": "Student", "endpoint": "/posts", "method": "POST", "table": "Post", "target_id": 22, "outcome": "success", "details": "Post created"}
{"timestamp_utc": "2026-03-21T19:35:10.382266+00:00", "action": "post_create", "actor_member_id": 1, "actor_role": "Student", "endpoint": "/posts", "method": "POST", "table": "Post", "target_id": 23, "outcome": "success", "details": "Post created"}
{"timestamp_utc": "2026-03-21T19:35:10.633860+00:00", "action": "post_update", "actor_member_id": 17, "actor_role": "Student", "endpoint": "/posts/23", "method": "PUT", "table": "Post", "target_id": 23, "outcome": "denied", "details": "User attempted to update post they do not own"}
{"timestamp_utc": "2026-03-21T19:35:10.661773+00:00", "action": "post_delete", "actor_member_id": 17, "actor_role": "Student", "endpoint": "/posts/23", "method": "DELETE", "table": "Post", "target_id": 23, "outcome": "denied", "details": "User attempted to delete post they do not own"}
{"timestamp_utc": "2026-03-21T19:35:10.665742+00:00", "action": "portfolio_update", "actor_member_id": 17, "actor_role": "Student", "endpoint": "/portfolio/1", "method": "PUT", "table": "Member", "target_id": 1, "outcome": "denied", "details": "User attempted to update another member profile"}
{"timestamp_utc": "2026-03-21T19:36:39.102118+00:00", "action": "admin_access_attempt", "actor_member_id": 1, "actor_role": "Student", "endpoint": "/admin/members", "method": "GET", "table": "N/A", "target_id": null, "outcome": "denied", "details": "Non-admin attempted admin-only endpoint"}
{"timestamp_utc": "2026-03-21T19:49:31.760675+00:00", "action": "post_like", "actor_member_id": 1, "actor_role": "Student", "endpoint": "/posts/20/like/toggle", "method": "POST", "table": "Like,Post", "target_id": 20, "outcome": "success", "details": "Member 1 liked post 20"}
{"timestamp_utc": "2026-03-21T20:47:47.740150+00:00", "action": "post_like", "actor_member_id": 1, "actor_role": "Student", "endpoint": "/posts/12/like/toggle", "method": "POST", "table": "Like,Post", "target_id": 12, "outcome": "success", "details": "Member 1 liked post 12"}
{"timestamp_utc": "2026-03-22T06:03:05.866243+00:00", "action": "follow_delete", "actor_member_id": 1, "actor_role": "Student", "endpoint": "/members/2/follow", "method": "DELETE", "table": "Follow", "target_id": 1, "outcome": "success", "details": "Member 1 unfollowed member 2"}
{"timestamp_utc": "2026-03-22T06:03:07.740757+00:00", "action": "follow_create", "actor_member_id": 1, "actor_role": "Student", "endpoint": "/members/2/follow", "method": "POST", "table": "Follow", "target_id": 31, "outcome": "success", "details": "Member 1 followed member 2"}
{"timestamp_utc": "2026-03-22T06:03:18.076053+00:00", "action": "post_like", "actor_member_id": 1, "actor_role": "Student", "endpoint": "/posts/20/like/toggle", "method": "POST", "table": "Like,Post", "target_id": 20, "outcome": "success", "details": "Member 1 liked post 20"}
{"timestamp_utc": "2026-03-22T06:03:19.136412+00:00", "action": "post_unlike", "actor_member_id": 1, "actor_role": "Student", "endpoint": "/posts/20/like/toggle", "method": "POST", "table": "Like,Post", "target_id": 20, "outcome": "success", "details": "Member 1 unliked post 20"}
{"timestamp_utc": "2026-03-22T06:05:16.317133+00:00", "action": "portfolio_update", "actor_member_id": 19, "actor_role": "Admin", "endpoint": "/portfolio/2", "method": "PUT", "table": "Member", "target_id": 2, "outcome": "success", "details": "Updated fields: Bio = %s, ContactNumber = %s, Department = %s, Age = %s"}
{"timestamp_utc": "2026-03-22T06:05:22.954170+00:00", "action": "follow_create", "actor_member_id": 19, "actor_role": "Admin", "endpoint": "/members/2/follow", "method": "POST", "table": "Follow", "target_id": 32, "outcome": "success", "details": "Member 19 followed member 2"}
{"timestamp_utc": "2026-03-22T06:05:23.697874+00:00", "action": "follow_delete", "actor_member_id": 19, "actor_role": "Admin", "endpoint": "/members/2/follow", "method": "DELETE", "table": "Follow", "target_id": 32, "outcome": "success", "details": "Member 19 unfollowed member 2"}
{"timestamp_utc": "2026-03-22T06:16:08.943856+00:00", "action": "post_create", "actor_member_id": 19, "actor_role": "Admin", "endpoint": "/posts", "method": "POST", "table": "Post", "target_id": 21, "outcome": "success", "details": "Post created"}
{"timestamp_utc": "2026-03-22T06:20:18.066771+00:00", "action": "public_signup", "actor_member_id": null, "actor_role": "Public", "endpoint": "/signup", "method": "POST", "table": "Member,AuthCredential", "target_id": 21, "outcome": "success", "details": "Public signup created Student account"}
{"timestamp_utc": "2026-03-22T06:21:20.609290+00:00", "action": "post_like", "actor_member_id": 21, "actor_role": "Student", "endpoint": "/posts/21/like/toggle", "method": "POST", "table": "Like,Post", "target_id": 21, "outcome": "success", "details": "Member 21 liked post 21"}
{"timestamp_utc": "2026-03-22T06:29:51.793676+00:00", "action": "post_like", "actor_member_id": 1, "actor_role": "Student", "endpoint": "/posts/21/like/toggle", "method": "POST", "table": "Like,Post", "target_id": 21, "outcome": "success", "details": "Member 1 liked post 21"}
{"timestamp_utc": "2026-03-22T06:31:55.428227+00:00", "action": "post_create", "actor_member_id": 19, "actor_role": "Admin", "endpoint": "/posts", "method": "POST", "table": "Post", "target_id": 22, "outcome": "success", "details": "Post created"}
{"timestamp_utc": "2026-03-22T06:32:46.825483+00:00", "action": "post_create", "actor_member_id": 1, "actor_role": "Student", "endpoint": "/posts", "method": "POST", "table": "Post", "target_id": 23, "outcome": "success", "details": "Post created"}
{"timestamp_utc": "2026-03-22T06:39:22.913207+00:00", "action": "follow_create", "actor_member_id": 1, "actor_role": "Student", "endpoint": "/members/19/follow", "method": "POST", "table": "Follow", "target_id": 33, "outcome": "success", "details": "Member 1 followed member 19"}
{"timestamp_utc": "2026-03-22T06:39:24.513682+00:00", "action": "follow_delete", "actor_member_id": 1, "actor_role": "Student", "endpoint": "/members/19/follow", "method": "DELETE", "table": "Follow", "target_id": 33, "outcome": "success", "details": "Member 1 unfollowed member 19"}
{"timestamp_utc": "2026-03-22T06:39:51.761621+00:00", "action": "post_create", "actor_member_id": 1, "actor_role": "Student", "endpoint": "/posts", "method": "POST", "table": "Post", "target_id": 24, "outcome": "success", "details": "Post created"}
{"timestamp_utc": "2026-03-22T07:55:17.623729+00:00", "action": "post_like", "actor_member_id": 1, "actor_role": "Student", "endpoint": "/posts/24/like/toggle", "method": "POST", "table": "Like,Post", "target_id": 24, "outcome": "success", "details": "Member 1 liked post 24"}
{"timestamp_utc": "2026-03-22T07:55:18.910453+00:00", "action": "post_unlike", "actor_member_id": 1, "actor_role": "Student", "endpoint": "/posts/24/like/toggle", "method": "POST", "table": "Like,Post", "target_id": 24, "outcome": "success", "details": "Member 1 unliked post 24"}
{"timestamp_utc": "2026-03-22T07:56:09.903576+00:00", "action": "post_like", "actor_member_id": 1, "actor_role": "Student", "endpoint": "/posts/24/like/toggle", "method": "POST", "table": "Like,Post", "target_id": 24, "outcome": "success", "details": "Member 1 liked post 24"}
{"timestamp_utc": "2026-03-22T07:56:10.849260+00:00", "action": "post_unlike", "actor_member_id": 1, "actor_role": "Student", "endpoint": "/posts/24/like/toggle", "method": "POST", "table": "Like,Post", "target_id": 24, "outcome": "success", "details": "Member 1 unliked post 24"}
{"timestamp_utc": "2026-03-22T07:56:46.103264+00:00", "action": "post_like", "actor_member_id": 1, "actor_role": "Student", "endpoint": "/posts/24/like/toggle", "method": "POST", "table": "Like,Post", "target_id": 24, "outcome": "success", "details": "Member 1 liked post 24"}
{"timestamp_utc": "2026-03-22T07:56:46.570954+00:00", "action": "post_unlike", "actor_member_id": 1, "actor_role": "Student", "endpoint": "/posts/24/like/toggle", "method": "POST", "table": "Like,Post", "target_id": 24, "outcome": "success", "details": "Member 1 unliked post 24"}
{"timestamp_utc": "2026-03-22T07:56:47.719161+00:00", "action": "post_like", "actor_member_id": 1, "actor_role": "Student", "endpoint": "/posts/23/like/toggle", "method": "POST", "table": "Like,Post", "target_id": 23, "outcome": "success", "details": "Member 1 liked post 23"}
{"timestamp_utc": "2026-03-22T07:56:48.328523+00:00", "action": "post_unlike", "actor_member_id": 1, "actor_role": "Student", "endpoint": "/posts/23/like/toggle", "method": "POST", "table": "Like,Post", "target_id": 23, "outcome": "success", "details": "Member 1 unliked post 23"}
{"timestamp_utc": "2026-03-22T08:08:12.132828+00:00", "action": "post_like", "actor_member_id": 1, "actor_role": "Student", "endpoint": "/posts/24/like/toggle", "method": "POST", "table": "Like,Post", "target_id": 24, "outcome": "success", "details": "Member 1 liked post 24"}
{"timestamp_utc": "2026-03-22T08:08:13.437315+00:00", "action": "post_unlike", "actor_member_id": 1, "actor_role": "Student", "endpoint": "/posts/24/like/toggle", "method": "POST", "table": "Like,Post", "target_id": 24, "outcome": "success", "details": "Member 1 unliked post 24"}
{"timestamp_utc": "2026-03-22T10:13:11.678201+00:00", "action": "admin_access_attempt", "actor_member_id": 1, "actor_role": "Student", "endpoint": "/admin/audit-log", "method": "GET", "table": "N/A", "target_id": null, "outcome": "denied", "details": "Non-admin attempted admin-only endpoint"}
{"timestamp_utc": "2026-03-22T10:13:11.683664+00:00", "action": "admin_access_attempt", "actor_member_id": 1, "actor_role": "Student", "endpoint": "/admin/db-change-log", "method": "GET", "table": "N/A", "target_id": null, "outcome": "denied", "details": "Non-admin attempted admin-only endpoint"}
{"timestamp_utc": "2026-03-22T10:13:11.713006+00:00", "action": "admin_access_attempt", "actor_member_id": 1, "actor_role": "Student", "endpoint": "/admin/members", "method": "GET", "table": "N/A", "target_id": null, "outcome": "denied", "details": "Non-admin attempted admin-only endpoint"}
{"timestamp_utc": "2026-03-22T10:17:12.680086+00:00", "action": "admin_access_attempt", "actor_member_id": 1, "actor_role": "Student", "endpoint": "/admin/audit-log", "method": "GET", "table": "N/A", "target_id": null, "outcome": "denied", "details": "Non-admin attempted admin-only endpoint"}
{"timestamp_utc": "2026-03-22T10:17:12.696955+00:00", "action": "admin_access_attempt", "actor_member_id": 1, "actor_role": "Student", "endpoint": "/admin/db-change-log", "method": "GET", "table": "N/A", "target_id": null, "outcome": "denied", "details": "Non-admin attempted admin-only endpoint"}
{"timestamp_utc": "2026-03-22T10:17:12.713656+00:00", "action": "admin_access_attempt", "actor_member_id": 1, "actor_role": "Student", "endpoint": "/admin/members", "method": "GET", "table": "N/A", "target_id": null, "outcome": "denied", "details": "Non-admin attempted admin-only endpoint"}
{"timestamp_utc": "2026-03-22T10:20:45.981476+00:00", "action": "admin_access_attempt", "actor_member_id": 1, "actor_role": "Student", "endpoint": "/admin/audit-log", "method": "GET", "table": "N/A", "target_id": null, "outcome": "denied", "details": "Non-admin attempted admin-only endpoint"}
{"timestamp_utc": "2026-03-22T10:20:46.012694+00:00", "action": "admin_access_attempt", "actor_member_id": 1, "actor_role": "Student", "endpoint": "/admin/db-change-log", "method": "GET", "table": "N/A", "target_id": null, "outcome": "denied", "details": "Non-admin attempted admin-only endpoint"}
{"timestamp_utc": "2026-03-22T10:20:46.018567+00:00", "action": "admin_access_attempt", "actor_member_id": 1, "actor_role": "Student", "endpoint": "/admin/members", "method": "GET", "table": "N/A", "target_id": null, "outcome": "denied", "details": "Non-admin attempted admin-only endpoint"}
{"timestamp_utc": "2026-03-22T10:24:31.321085+00:00", "action": "admin_access_attempt", "actor_member_id": 1, "actor_role": "Student", "endpoint": "/admin/audit-log", "method": "GET", "table": "N/A", "target_id": null, "outcome": "denied", "details": "Non-admin attempted admin-only endpoint"}
{"timestamp_utc": "2026-03-22T10:24:31.334020+00:00", "action": "admin_access_attempt", "actor_member_id": 1, "actor_role": "Student", "endpoint": "/admin/db-change-log", "method": "GET", "table": "N/A", "target_id": null, "outcome": "denied", "details": "Non-admin attempted admin-only endpoint"}
{"timestamp_utc": "2026-03-22T10:24:31.339410+00:00", "action": "admin_access_attempt", "actor_member_id": 1, "actor_role": "Student", "endpoint": "/admin/members", "method": "GET", "table": "N/A", "target_id": null, "outcome": "denied", "details": "Non-admin attempted admin-only endpoint"}
{"timestamp_utc": "2026-03-22T10:32:52.687819+00:00", "action": "admin_access_attempt", "actor_member_id": 1, "actor_role": "Student", "endpoint": "/admin/audit-log", "method": "GET", "table": "N/A", "target_id": null, "outcome": "denied", "details": "Non-admin attempted admin-only endpoint"}
{"timestamp_utc": "2026-03-22T10:32:52.695196+00:00", "action": "admin_access_attempt", "actor_member_id": 1, "actor_role": "Student", "endpoint": "/admin/db-change-log", "method": "GET", "table": "N/A", "target_id": null, "outcome": "denied", "details": "Non-admin attempted admin-only endpoint"}
{"timestamp_utc": "2026-03-22T10:32:52.701083+00:00", "action": "admin_access_attempt", "actor_member_id": 1, "actor_role": "Student", "endpoint": "/admin/members", "method": "GET", "table": "N/A", "target_id": null, "outcome": "denied", "details": "Non-admin attempted admin-only endpoint"}
{"timestamp_utc": "2026-03-22T10:33:40.095622+00:00", "action": "admin_access_attempt", "actor_member_id": 1, "actor_role": "Student", "endpoint": "/admin/audit-log", "method": "GET", "table": "N/A", "target_id": null, "outcome": "denied", "details": "Non-admin attempted admin-only endpoint"}
{"timestamp_utc": "2026-03-22T10:33:40.100851+00:00", "action": "admin_access_attempt", "actor_member_id": 1, "actor_role": "Student", "endpoint": "/admin/db-change-log", "method": "GET", "table": "N/A", "target_id": null, "outcome": "denied", "details": "Non-admin attempted admin-only endpoint"}
{"timestamp_utc": "2026-03-22T10:33:40.104781+00:00", "action": "admin_access_attempt", "actor_member_id": 1, "actor_role": "Student", "endpoint": "/admin/members", "method": "GET", "table": "N/A", "target_id": null, "outcome": "denied", "details": "Non-admin attempted admin-only endpoint"}
